{"C:\\Users\\aluno\\Web_evaluation_system\\src\\contexto_avaliacao\\domain\\entities\\opcao.ts": {"path":"C:\\Users\\aluno\\Web_evaluation_system\\src\\contexto_avaliacao\\domain\\entities\\opcao.ts","all":false,"statementMap":{"0":{"start":{"line":1,"column":0},"end":{"line":1,"column":50}},"1":{"start":{"line":2,"column":0},"end":{"line":2,"column":0}},"2":{"start":{"line":3,"column":0},"end":{"line":3,"column":36}},"3":{"start":{"line":4,"column":0},"end":{"line":4,"column":67}},"4":{"start":{"line":5,"column":0},"end":{"line":5,"column":39}},"5":{"start":{"line":6,"column":0},"end":{"line":6,"column":40}},"6":{"start":{"line":7,"column":0},"end":{"line":7,"column":0}},"7":{"start":{"line":8,"column":0},"end":{"line":8,"column":54}},"8":{"start":{"line":9,"column":0},"end":{"line":9,"column":15}},"9":{"start":{"line":10,"column":0},"end":{"line":10,"column":58}},"10":{"start":{"line":11,"column":0},"end":{"line":11,"column":35}},"11":{"start":{"line":12,"column":0},"end":{"line":12,"column":33}},"12":{"start":{"line":13,"column":0},"end":{"line":13,"column":5}},"13":{"start":{"line":14,"column":0},"end":{"line":14,"column":0}},"14":{"start":{"line":15,"column":0},"end":{"line":15,"column":68}},"15":{"start":{"line":16,"column":0},"end":{"line":16,"column":47}},"16":{"start":{"line":17,"column":0},"end":{"line":17,"column":45}},"17":{"start":{"line":18,"column":0},"end":{"line":18,"column":1}}},"s":{"0":1,"1":1,"2":1,"3":1,"4":1,"5":1,"6":1,"7":1,"8":4,"9":4,"10":4,"11":4,"12":4,"13":1,"14":1,"15":1,"16":1,"17":1},"branchMap":{"0":{"type":"branch","line":8,"loc":{"start":{"line":8,"column":4},"end":{"line":13,"column":5}},"locations":[{"start":{"line":8,"column":4},"end":{"line":13,"column":5}}]},"1":{"type":"branch","line":16,"loc":{"start":{"line":16,"column":26},"end":{"line":16,"column":47}},"locations":[{"start":{"line":16,"column":26},"end":{"line":16,"column":47}}]},"2":{"type":"branch","line":17,"loc":{"start":{"line":17,"column":25},"end":{"line":17,"column":45}},"locations":[{"start":{"line":17,"column":25},"end":{"line":17,"column":45}}]}},"b":{"0":[4],"1":[2],"2":[3]},"fnMap":{"0":{"name":"Opcao","decl":{"start":{"line":8,"column":4},"end":{"line":13,"column":5}},"loc":{"start":{"line":8,"column":4},"end":{"line":13,"column":5}},"line":8},"1":{"name":"Opcao.getDescricao","decl":{"start":{"line":16,"column":26},"end":{"line":16,"column":47}},"loc":{"start":{"line":16,"column":26},"end":{"line":16,"column":47}},"line":16},"2":{"name":"Opcao.getGabarito","decl":{"start":{"line":17,"column":25},"end":{"line":17,"column":45}},"loc":{"start":{"line":17,"column":25},"end":{"line":17,"column":45}},"line":17}},"f":{"0":4,"1":2,"2":3}}
,"C:\\Users\\aluno\\Web_evaluation_system\\src\\contexto_avaliacao\\domain\\entities\\prova.ts": {"path":"C:\\Users\\aluno\\Web_evaluation_system\\src\\contexto_avaliacao\\domain\\entities\\prova.ts","all":false,"statementMap":{"0":{"start":{"line":1,"column":0},"end":{"line":1,"column":33}},"1":{"start":{"line":2,"column":0},"end":{"line":2,"column":50}},"2":{"start":{"line":3,"column":0},"end":{"line":3,"column":35}},"3":{"start":{"line":4,"column":0},"end":{"line":4,"column":0}},"4":{"start":{"line":5,"column":0},"end":{"line":5,"column":36}},"5":{"start":{"line":6,"column":0},"end":{"line":6,"column":67}},"6":{"start":{"line":7,"column":0},"end":{"line":7,"column":40}},"7":{"start":{"line":8,"column":0},"end":{"line":8,"column":36}},"8":{"start":{"line":9,"column":0},"end":{"line":9,"column":42}},"9":{"start":{"line":10,"column":0},"end":{"line":10,"column":0}},"10":{"start":{"line":11,"column":0},"end":{"line":11,"column":51}},"11":{"start":{"line":12,"column":0},"end":{"line":12,"column":15}},"12":{"start":{"line":13,"column":0},"end":{"line":13,"column":58}},"13":{"start":{"line":14,"column":0},"end":{"line":14,"column":37}},"14":{"start":{"line":15,"column":0},"end":{"line":15,"column":27}},"15":{"start":{"line":16,"column":0},"end":{"line":16,"column":5}},"16":{"start":{"line":17,"column":0},"end":{"line":17,"column":0}},"17":{"start":{"line":18,"column":0},"end":{"line":18,"column":68}},"18":{"start":{"line":19,"column":0},"end":{"line":19,"column":49}},"19":{"start":{"line":20,"column":0},"end":{"line":20,"column":39}},"20":{"start":{"line":21,"column":0},"end":{"line":21,"column":0}},"21":{"start":{"line":22,"column":0},"end":{"line":22,"column":0}},"22":{"start":{"line":23,"column":0},"end":{"line":23,"column":21}},"23":{"start":{"line":24,"column":0},"end":{"line":24,"column":53}},"24":{"start":{"line":25,"column":0},"end":{"line":25,"column":53}},"25":{"start":{"line":26,"column":0},"end":{"line":26,"column":9}},"26":{"start":{"line":27,"column":0},"end":{"line":27,"column":5}},"27":{"start":{"line":28,"column":0},"end":{"line":28,"column":0}},"28":{"start":{"line":29,"column":0},"end":{"line":29,"column":39}},"29":{"start":{"line":30,"column":0},"end":{"line":30,"column":36}},"30":{"start":{"line":31,"column":0},"end":{"line":31,"column":5}},"31":{"start":{"line":32,"column":0},"end":{"line":32,"column":0}},"32":{"start":{"line":33,"column":0},"end":{"line":33,"column":43}},"33":{"start":{"line":34,"column":0},"end":{"line":34,"column":78}},"34":{"start":{"line":35,"column":0},"end":{"line":35,"column":5}},"35":{"start":{"line":36,"column":0},"end":{"line":36,"column":0}},"36":{"start":{"line":37,"column":0},"end":{"line":37,"column":52}},"37":{"start":{"line":38,"column":0},"end":{"line":38,"column":85}},"38":{"start":{"line":39,"column":0},"end":{"line":39,"column":79}},"39":{"start":{"line":40,"column":0},"end":{"line":40,"column":5}},"40":{"start":{"line":41,"column":0},"end":{"line":41,"column":0}},"41":{"start":{"line":42,"column":0},"end":{"line":42,"column":82}},"42":{"start":{"line":43,"column":0},"end":{"line":43,"column":0}},"43":{"start":{"line":44,"column":0},"end":{"line":44,"column":42}},"44":{"start":{"line":45,"column":0},"end":{"line":45,"column":0}},"45":{"start":{"line":46,"column":0},"end":{"line":46,"column":79}},"46":{"start":{"line":47,"column":0},"end":{"line":47,"column":1}}},"s":{"0":1,"1":1,"2":1,"3":1,"4":1,"5":1,"6":1,"7":1,"8":1,"9":1,"10":1,"11":7,"12":7,"13":7,"14":7,"15":7,"16":1,"17":1,"18":1,"19":1,"20":1,"21":1,"22":1,"23":2,"24":1,"25":1,"26":2,"27":1,"28":1,"29":4,"30":4,"31":1,"32":1,"33":2,"34":2,"35":1,"36":1,"37":1,"38":1,"39":1,"40":1,"41":1,"42":1,"43":1,"44":1,"45":1,"46":1},"branchMap":{"0":{"type":"branch","line":11,"loc":{"start":{"line":11,"column":4},"end":{"line":16,"column":5}},"locations":[{"start":{"line":11,"column":4},"end":{"line":16,"column":5}}]},"1":{"type":"branch","line":19,"loc":{"start":{"line":19,"column":27},"end":{"line":19,"column":49}},"locations":[{"start":{"line":19,"column":27},"end":{"line":19,"column":49}}]},"2":{"type":"branch","line":20,"loc":{"start":{"line":20,"column":22},"end":{"line":20,"column":39}},"locations":[{"start":{"line":20,"column":22},"end":{"line":20,"column":39}}]},"3":{"type":"branch","line":44,"loc":{"start":{"line":44,"column":22},"end":{"line":44,"column":42}},"locations":[{"start":{"line":44,"column":22},"end":{"line":44,"column":42}}]},"4":{"type":"branch","line":46,"loc":{"start":{"line":46,"column":46},"end":{"line":46,"column":79}},"locations":[{"start":{"line":46,"column":46},"end":{"line":46,"column":79}}]},"5":{"type":"branch","line":23,"loc":{"start":{"line":23,"column":11},"end":{"line":27,"column":5}},"locations":[{"start":{"line":23,"column":11},"end":{"line":27,"column":5}}]},"6":{"type":"branch","line":24,"loc":{"start":{"line":24,"column":52},"end":{"line":26,"column":9}},"locations":[{"start":{"line":24,"column":52},"end":{"line":26,"column":9}}]},"7":{"type":"branch","line":29,"loc":{"start":{"line":29,"column":11},"end":{"line":31,"column":5}},"locations":[{"start":{"line":29,"column":11},"end":{"line":31,"column":5}}]},"8":{"type":"branch","line":33,"loc":{"start":{"line":33,"column":11},"end":{"line":35,"column":5}},"locations":[{"start":{"line":33,"column":11},"end":{"line":35,"column":5}}]},"9":{"type":"branch","line":34,"loc":{"start":{"line":34,"column":47},"end":{"line":34,"column":77}},"locations":[{"start":{"line":34,"column":47},"end":{"line":34,"column":77}}]},"10":{"type":"branch","line":37,"loc":{"start":{"line":37,"column":11},"end":{"line":40,"column":5}},"locations":[{"start":{"line":37,"column":11},"end":{"line":40,"column":5}}]},"11":{"type":"branch","line":38,"loc":{"start":{"line":38,"column":54},"end":{"line":38,"column":84}},"locations":[{"start":{"line":38,"column":54},"end":{"line":38,"column":84}}]}},"b":{"0":[7],"1":[1],"2":[1],"3":[2],"4":[2],"5":[2],"6":[1],"7":[4],"8":[2],"9":[3],"10":[1],"11":[1]},"fnMap":{"0":{"name":"Prova","decl":{"start":{"line":11,"column":4},"end":{"line":16,"column":5}},"loc":{"start":{"line":11,"column":4},"end":{"line":16,"column":5}},"line":11},"1":{"name":"Prova.getDisciplina","decl":{"start":{"line":19,"column":27},"end":{"line":19,"column":49}},"loc":{"start":{"line":19,"column":27},"end":{"line":19,"column":49}},"line":19},"2":{"name":"Prova.getTempo","decl":{"start":{"line":20,"column":22},"end":{"line":20,"column":39}},"loc":{"start":{"line":20,"column":22},"end":{"line":20,"column":39}},"line":20},"3":{"name":"Prova.getQuestao","decl":{"start":{"line":42,"column":24},"end":{"line":42,"column":82}},"loc":{"start":{"line":42,"column":24},"end":{"line":42,"column":82}},"line":42},"4":{"name":"Prova.questoes","decl":{"start":{"line":44,"column":22},"end":{"line":44,"column":42}},"loc":{"start":{"line":44,"column":22},"end":{"line":44,"column":42}},"line":44},"5":{"name":"Prova.testeQuantidadeMinimadeQuestoes","decl":{"start":{"line":46,"column":46},"end":{"line":46,"column":79}},"loc":{"start":{"line":46,"column":46},"end":{"line":46,"column":79}},"line":46},"6":{"name":"iniciar","decl":{"start":{"line":23,"column":11},"end":{"line":27,"column":5}},"loc":{"start":{"line":23,"column":11},"end":{"line":27,"column":5}},"line":23},"7":{"name":"addQuestao","decl":{"start":{"line":29,"column":11},"end":{"line":31,"column":5}},"loc":{"start":{"line":29,"column":11},"end":{"line":31,"column":5}},"line":29},"8":{"name":"deleteQuestao","decl":{"start":{"line":33,"column":11},"end":{"line":35,"column":5}},"loc":{"start":{"line":33,"column":11},"end":{"line":35,"column":5}},"line":33},"9":{"name":"atualizarQuestaoProva","decl":{"start":{"line":37,"column":11},"end":{"line":40,"column":5}},"loc":{"start":{"line":37,"column":11},"end":{"line":40,"column":5}},"line":37}},"f":{"0":7,"1":1,"2":1,"3":0,"4":2,"5":2,"6":2,"7":4,"8":2,"9":1}}
,"C:\\Users\\aluno\\Web_evaluation_system\\src\\contexto_avaliacao\\domain\\entities\\questao-discursiva.ts": {"path":"C:\\Users\\aluno\\Web_evaluation_system\\src\\contexto_avaliacao\\domain\\entities\\questao-discursiva.ts","all":false,"statementMap":{"0":{"start":{"line":1,"column":0},"end":{"line":1,"column":0}},"1":{"start":{"line":2,"column":0},"end":{"line":2,"column":35}},"2":{"start":{"line":3,"column":0},"end":{"line":3,"column":0}},"3":{"start":{"line":4,"column":0},"end":{"line":4,"column":47}},"4":{"start":{"line":5,"column":0},"end":{"line":5,"column":4}},"5":{"start":{"line":6,"column":0},"end":{"line":6,"column":1}},"6":{"start":{"line":7,"column":0},"end":{"line":7,"column":0}},"7":{"start":{"line":8,"column":0},"end":{"line":8,"column":50}},"8":{"start":{"line":9,"column":0},"end":{"line":9,"column":30}},"9":{"start":{"line":10,"column":0},"end":{"line":10,"column":8}},"10":{"start":{"line":11,"column":0},"end":{"line":11,"column":32}},"11":{"start":{"line":12,"column":0},"end":{"line":12,"column":8}},"12":{"start":{"line":13,"column":0},"end":{"line":13,"column":5}},"13":{"start":{"line":14,"column":0},"end":{"line":14,"column":0}},"14":{"start":{"line":15,"column":0},"end":{"line":15,"column":28}},"15":{"start":{"line":16,"column":0},"end":{"line":16,"column":3}},"16":{"start":{"line":17,"column":0},"end":{"line":17,"column":1}}},"s":{"0":1,"1":1,"2":1,"3":1,"4":1,"5":1,"6":1,"7":1,"8":7,"9":7,"10":7,"11":7,"12":7,"13":1,"14":1,"15":1,"16":1},"branchMap":{"0":{"type":"branch","line":8,"loc":{"start":{"line":8,"column":4},"end":{"line":13,"column":5}},"locations":[{"start":{"line":8,"column":4},"end":{"line":13,"column":5}}]}},"b":{"0":[7]},"fnMap":{"0":{"name":"QuestaoDiscursiva","decl":{"start":{"line":8,"column":4},"end":{"line":13,"column":5}},"loc":{"start":{"line":8,"column":4},"end":{"line":13,"column":5}},"line":8}},"f":{"0":7}}
,"C:\\Users\\aluno\\Web_evaluation_system\\src\\contexto_avaliacao\\domain\\entities\\questao-objetiva.ts": {"path":"C:\\Users\\aluno\\Web_evaluation_system\\src\\contexto_avaliacao\\domain\\entities\\questao-objetiva.ts","all":false,"statementMap":{"0":{"start":{"line":1,"column":0},"end":{"line":1,"column":0}},"1":{"start":{"line":2,"column":0},"end":{"line":2,"column":35}},"2":{"start":{"line":3,"column":0},"end":{"line":3,"column":31}},"3":{"start":{"line":4,"column":0},"end":{"line":4,"column":0}},"4":{"start":{"line":5,"column":0},"end":{"line":5,"column":45}},"5":{"start":{"line":6,"column":0},"end":{"line":6,"column":0}},"6":{"start":{"line":7,"column":0},"end":{"line":7,"column":37}},"7":{"start":{"line":8,"column":0},"end":{"line":8,"column":0}},"8":{"start":{"line":9,"column":0},"end":{"line":9,"column":50}},"9":{"start":{"line":10,"column":0},"end":{"line":10,"column":8}},"10":{"start":{"line":11,"column":0},"end":{"line":11,"column":30}},"11":{"start":{"line":12,"column":0},"end":{"line":12,"column":8}},"12":{"start":{"line":13,"column":0},"end":{"line":13,"column":32}},"13":{"start":{"line":14,"column":0},"end":{"line":14,"column":8}},"14":{"start":{"line":15,"column":0},"end":{"line":15,"column":5}},"15":{"start":{"line":16,"column":0},"end":{"line":16,"column":0}},"16":{"start":{"line":17,"column":0},"end":{"line":17,"column":39}},"17":{"start":{"line":18,"column":0},"end":{"line":18,"column":36}},"18":{"start":{"line":19,"column":0},"end":{"line":19,"column":0}},"19":{"start":{"line":20,"column":0},"end":{"line":20,"column":40}},"20":{"start":{"line":21,"column":0},"end":{"line":21,"column":8}},"21":{"start":{"line":22,"column":0},"end":{"line":22,"column":83}},"22":{"start":{"line":23,"column":0},"end":{"line":23,"column":40}},"23":{"start":{"line":24,"column":0},"end":{"line":24,"column":71}},"24":{"start":{"line":25,"column":0},"end":{"line":25,"column":60}},"25":{"start":{"line":26,"column":0},"end":{"line":26,"column":9}},"26":{"start":{"line":27,"column":0},"end":{"line":27,"column":31}},"27":{"start":{"line":28,"column":0},"end":{"line":28,"column":0}},"28":{"start":{"line":29,"column":0},"end":{"line":29,"column":5}},"29":{"start":{"line":30,"column":0},"end":{"line":30,"column":0}},"30":{"start":{"line":31,"column":0},"end":{"line":31,"column":28}},"31":{"start":{"line":32,"column":0},"end":{"line":32,"column":3}},"32":{"start":{"line":33,"column":0},"end":{"line":33,"column":1}}},"s":{"0":1,"1":1,"2":1,"3":1,"4":1,"5":1,"6":1,"7":1,"8":1,"9":4,"10":4,"11":4,"12":4,"13":4,"14":4,"15":1,"16":1,"17":1,"18":1,"19":1,"20":1,"21":1,"22":1,"23":1,"24":0,"25":0,"26":1,"27":1,"28":1,"29":1,"30":1,"31":1,"32":1},"branchMap":{"0":{"type":"branch","line":9,"loc":{"start":{"line":9,"column":4},"end":{"line":15,"column":5}},"locations":[{"start":{"line":9,"column":4},"end":{"line":15,"column":5}}]},"1":{"type":"branch","line":18,"loc":{"start":{"line":18,"column":19},"end":{"line":18,"column":36}},"locations":[{"start":{"line":18,"column":19},"end":{"line":18,"column":36}}]},"2":{"type":"branch","line":20,"loc":{"start":{"line":20,"column":11},"end":{"line":29,"column":5}},"locations":[{"start":{"line":20,"column":11},"end":{"line":29,"column":5}}]},"3":{"type":"branch","line":24,"loc":{"start":{"line":24,"column":44},"end":{"line":24,"column":69}},"locations":[{"start":{"line":24,"column":44},"end":{"line":24,"column":69}}]},"4":{"type":"branch","line":24,"loc":{"start":{"line":24,"column":70},"end":{"line":26,"column":9}},"locations":[{"start":{"line":24,"column":70},"end":{"line":26,"column":9}}]}},"b":{"0":[4],"1":[3],"2":[1],"3":[0],"4":[0]},"fnMap":{"0":{"name":"QuestaoObjetiva","decl":{"start":{"line":9,"column":4},"end":{"line":15,"column":5}},"loc":{"start":{"line":9,"column":4},"end":{"line":15,"column":5}},"line":9},"1":{"name":"QuestaoObjetiva.getOpcao","decl":{"start":{"line":17,"column":22},"end":{"line":17,"column":39}},"loc":{"start":{"line":17,"column":22},"end":{"line":17,"column":39}},"line":17},"2":{"name":"QuestaoObjetiva.opcao","decl":{"start":{"line":18,"column":19},"end":{"line":18,"column":36}},"loc":{"start":{"line":18,"column":19},"end":{"line":18,"column":36}},"line":18},"3":{"name":"adicionarOpcao","decl":{"start":{"line":20,"column":11},"end":{"line":29,"column":5}},"loc":{"start":{"line":20,"column":11},"end":{"line":29,"column":5}},"line":20}},"f":{"0":4,"1":0,"2":3,"3":1}}
,"C:\\Users\\aluno\\Web_evaluation_system\\src\\contexto_avaliacao\\domain\\entities\\questao.ts": {"path":"C:\\Users\\aluno\\Web_evaluation_system\\src\\contexto_avaliacao\\domain\\entities\\questao.ts","all":false,"statementMap":{"0":{"start":{"line":1,"column":0},"end":{"line":1,"column":50}},"1":{"start":{"line":2,"column":0},"end":{"line":2,"column":0}},"2":{"start":{"line":3,"column":0},"end":{"line":3,"column":47}},"3":{"start":{"line":4,"column":0},"end":{"line":4,"column":67}},"4":{"start":{"line":5,"column":0},"end":{"line":5,"column":31}},"5":{"start":{"line":6,"column":0},"end":{"line":6,"column":28}},"6":{"start":{"line":7,"column":0},"end":{"line":7,"column":0}},"7":{"start":{"line":8,"column":0},"end":{"line":8,"column":50}},"8":{"start":{"line":9,"column":0},"end":{"line":9,"column":15}},"9":{"start":{"line":10,"column":0},"end":{"line":10,"column":58}},"10":{"start":{"line":11,"column":0},"end":{"line":11,"column":35}},"11":{"start":{"line":12,"column":0},"end":{"line":12,"column":27}},"12":{"start":{"line":13,"column":0},"end":{"line":13,"column":5}},"13":{"start":{"line":14,"column":0},"end":{"line":14,"column":0}},"14":{"start":{"line":15,"column":0},"end":{"line":15,"column":68}},"15":{"start":{"line":16,"column":0},"end":{"line":16,"column":47}},"16":{"start":{"line":17,"column":0},"end":{"line":17,"column":39}},"17":{"start":{"line":18,"column":0},"end":{"line":18,"column":0}},"18":{"start":{"line":19,"column":0},"end":{"line":19,"column":78}},"19":{"start":{"line":20,"column":0},"end":{"line":20,"column":62}},"20":{"start":{"line":21,"column":0},"end":{"line":21,"column":0}},"21":{"start":{"line":22,"column":0},"end":{"line":22,"column":55}},"22":{"start":{"line":23,"column":0},"end":{"line":23,"column":36}},"23":{"start":{"line":24,"column":0},"end":{"line":24,"column":27}},"24":{"start":{"line":25,"column":0},"end":{"line":25,"column":5}},"25":{"start":{"line":26,"column":0},"end":{"line":26,"column":1}}},"s":{"0":1,"1":1,"2":1,"3":1,"4":1,"5":1,"6":1,"7":1,"8":11,"9":11,"10":11,"11":11,"12":11,"13":1,"14":1,"15":1,"16":1,"17":1,"18":1,"19":1,"20":1,"21":1,"22":2,"23":2,"24":2,"25":1},"branchMap":{"0":{"type":"branch","line":8,"loc":{"start":{"line":8,"column":4},"end":{"line":13,"column":5}},"locations":[{"start":{"line":8,"column":4},"end":{"line":13,"column":5}}]},"1":{"type":"branch","line":16,"loc":{"start":{"line":16,"column":26},"end":{"line":16,"column":47}},"locations":[{"start":{"line":16,"column":26},"end":{"line":16,"column":47}}]},"2":{"type":"branch","line":17,"loc":{"start":{"line":17,"column":22},"end":{"line":17,"column":39}},"locations":[{"start":{"line":17,"column":22},"end":{"line":17,"column":39}}]},"3":{"type":"branch","line":22,"loc":{"start":{"line":22,"column":11},"end":{"line":25,"column":5}},"locations":[{"start":{"line":22,"column":11},"end":{"line":25,"column":5}}]}},"b":{"0":[11],"1":[4],"2":[4],"3":[2]},"fnMap":{"0":{"name":"Questao","decl":{"start":{"line":8,"column":4},"end":{"line":13,"column":5}},"loc":{"start":{"line":8,"column":4},"end":{"line":13,"column":5}},"line":8},"1":{"name":"Questao.getEnunciado","decl":{"start":{"line":16,"column":26},"end":{"line":16,"column":47}},"loc":{"start":{"line":16,"column":26},"end":{"line":16,"column":47}},"line":16},"2":{"name":"Questao.getValor","decl":{"start":{"line":17,"column":22},"end":{"line":17,"column":39}},"loc":{"start":{"line":17,"column":22},"end":{"line":17,"column":39}},"line":17},"3":{"name":"atualizar","decl":{"start":{"line":22,"column":11},"end":{"line":25,"column":5}},"loc":{"start":{"line":22,"column":11},"end":{"line":25,"column":5}},"line":22}},"f":{"0":11,"1":4,"2":4,"3":2}}
,"C:\\Users\\aluno\\Web_evaluation_system\\src\\utils\\entidade.ts": {"path":"C:\\Users\\aluno\\Web_evaluation_system\\src\\utils\\entidade.ts","all":false,"statementMap":{"0":{"start":{"line":1,"column":0},"end":{"line":1,"column":25}},"1":{"start":{"line":2,"column":0},"end":{"line":2,"column":0}},"2":{"start":{"line":3,"column":0},"end":{"line":3,"column":32}},"3":{"start":{"line":4,"column":0},"end":{"line":4,"column":32}},"4":{"start":{"line":5,"column":0},"end":{"line":5,"column":0}},"5":{"start":{"line":6,"column":0},"end":{"line":6,"column":18}},"6":{"start":{"line":7,"column":0},"end":{"line":7,"column":0}},"7":{"start":{"line":8,"column":0},"end":{"line":8,"column":23}},"8":{"start":{"line":9,"column":0},"end":{"line":9,"column":0}},"9":{"start":{"line":10,"column":0},"end":{"line":10,"column":5}},"10":{"start":{"line":11,"column":0},"end":{"line":11,"column":0}},"11":{"start":{"line":12,"column":0},"end":{"line":12,"column":33}},"12":{"start":{"line":13,"column":0},"end":{"line":13,"column":0}},"13":{"start":{"line":14,"column":0},"end":{"line":14,"column":1}}},"s":{"0":1,"1":1,"2":1,"3":1,"4":1,"5":1,"6":22,"7":22,"8":22,"9":22,"10":1,"11":1,"12":1,"13":1},"branchMap":{"0":{"type":"branch","line":6,"loc":{"start":{"line":6,"column":4},"end":{"line":10,"column":5}},"locations":[{"start":{"line":6,"column":4},"end":{"line":10,"column":5}}]},"1":{"type":"branch","line":12,"loc":{"start":{"line":12,"column":19},"end":{"line":12,"column":33}},"locations":[{"start":{"line":12,"column":19},"end":{"line":12,"column":33}}]}},"b":{"0":[22],"1":[4]},"fnMap":{"0":{"name":"Entidade","decl":{"start":{"line":6,"column":4},"end":{"line":10,"column":5}},"loc":{"start":{"line":6,"column":4},"end":{"line":10,"column":5}},"line":6},"1":{"name":"Entidade.getId","decl":{"start":{"line":12,"column":19},"end":{"line":12,"column":33}},"loc":{"start":{"line":12,"column":19},"end":{"line":12,"column":33}},"line":12}},"f":{"0":22,"1":4}}
}
