TN:
SF:src\contexto_avaliacao\opcao.ts
FN:8,Opcao
FN:16,Opcao.getDescricao
FN:17,Opcao.getGabarito
FNF:3
FNH:3
FNDA:3,Opcao
FNDA:1,Opcao.getDescricao
FNDA:1,Opcao.getGabarito
DA:1,1
DA:2,1
DA:3,1
DA:4,1
DA:5,1
DA:6,1
DA:7,1
DA:8,1
DA:9,3
DA:10,3
DA:11,3
DA:12,3
DA:13,3
DA:14,1
DA:15,1
DA:16,1
DA:17,1
DA:18,1
LF:18
LH:18
BRDA:8,0,0,3
BRDA:16,1,0,1
BRDA:17,2,0,1
BRF:3
BRH:3
end_of_record
TN:
SF:src\contexto_avaliacao\domain\entities\prova.ts
FN:11,Prova
FN:19,Prova.getDisciplina
FN:20,Prova.getTempo
FN:33,Prova.testeQuantidadeMindeQuestoes
FN:23,iniciar
FN:29,addQuestao
FNF:6
FNH:6
FNDA:5,Prova
FNDA:1,Prova.getDisciplina
FNDA:1,Prova.getTempo
FNDA:2,Prova.testeQuantidadeMindeQuestoes
FNDA:2,iniciar
FNDA:1,addQuestao
DA:1,1
DA:2,1
DA:3,1
DA:4,1
DA:5,1
DA:6,1
DA:7,1
DA:8,1
DA:9,1
DA:10,1
DA:11,1
DA:12,5
DA:13,5
DA:14,5
DA:15,5
DA:16,5
DA:17,1
DA:18,1
DA:19,1
DA:20,1
DA:21,1
DA:22,1
DA:23,1
DA:24,2
DA:25,1
DA:26,1
DA:27,2
DA:28,1
DA:29,1
DA:30,1
DA:31,1
DA:32,1
DA:33,1
DA:34,1
LF:34
LH:34
BRDA:11,0,0,5
BRDA:19,1,0,1
BRDA:20,2,0,1
BRDA:33,3,0,2
BRDA:23,4,0,2
BRDA:24,5,0,1
BRDA:29,6,0,1
BRF:7
BRH:7
end_of_record
TN:
SF:src\contexto_avaliacao\domain\entities\questao-objetiva.ts
FN:8,QuestaoObjetiva
FNF:1
FNH:1
FNDA:3,QuestaoObjetiva
DA:1,1
DA:2,1
DA:3,1
DA:4,1
DA:5,1
DA:6,1
DA:7,1
DA:8,1
DA:9,3
DA:10,3
DA:11,3
DA:12,3
DA:13,3
DA:14,1
DA:15,1
DA:16,1
DA:17,1
LF:17
LH:17
BRDA:8,0,0,3
BRF:1
BRH:1
end_of_record
TN:
SF:src\contexto_avaliacao\domain\entities\questao.ts
FN:8,Questao
FN:16,Questao.getEnunciado
FN:17,Questao.getValor
FNF:3
FNH:3
FNDA:7,Questao
FNDA:2,Questao.getEnunciado
FNDA:2,Questao.getValor
DA:1,1
DA:2,1
DA:3,1
DA:4,1
DA:5,1
DA:6,1
DA:7,1
DA:8,1
DA:9,7
DA:10,7
DA:11,7
DA:12,7
DA:13,7
DA:14,1
DA:15,1
DA:16,1
DA:17,1
DA:18,1
LF:18
LH:18
BRDA:8,0,0,7
BRDA:16,1,0,2
BRDA:17,2,0,2
BRF:3
BRH:3
end_of_record
TN:
SF:src\utils\entidade.ts
FN:6,Entidade
FN:12,Entidade.getId
FNF:2
FNH:2
FNDA:15,Entidade
FNDA:4,Entidade.getId
DA:1,1
DA:2,1
DA:3,1
DA:4,1
DA:5,1
DA:6,1
DA:7,15
DA:8,15
DA:9,15
DA:10,15
DA:11,1
DA:12,1
DA:13,1
DA:14,1
LF:14
LH:14
BRDA:6,0,0,15
BRDA:12,1,0,4
BRF:2
BRH:2
end_of_record
