TN:
SF:src\contexto_avaliacao\domain\entities\opcao.ts
FN:8,Opcao
FN:16,Opcao.getDescricao
FN:17,Opcao.getGabarito
FNF:3
FNH:3
FNDA:4,Opcao
FNDA:2,Opcao.getDescricao
FNDA:3,Opcao.getGabarito
DA:1,1
DA:2,1
DA:3,1
DA:4,1
DA:5,1
DA:6,1
DA:7,1
DA:8,1
DA:9,4
DA:10,4
DA:11,4
DA:12,4
DA:13,4
DA:14,1
DA:15,1
DA:16,1
DA:17,1
DA:18,1
LF:18
LH:18
BRDA:8,0,0,4
BRDA:16,1,0,2
BRDA:17,2,0,3
BRF:3
BRH:3
end_of_record
TN:
SF:src\contexto_avaliacao\domain\entities\prova.ts
FN:11,Prova
FN:19,Prova.getDisciplina
FN:20,Prova.getTempo
FN:42,Prova.getQuestao
FN:44,Prova.questoes
FN:46,Prova.testeQuantidadeMinimadeQuestoes
FN:23,iniciar
FN:29,addQuestao
FN:33,deleteQuestao
FN:37,atualizarQuestaoProva
FNF:10
FNH:9
FNDA:7,Prova
FNDA:1,Prova.getDisciplina
FNDA:1,Prova.getTempo
FNDA:0,Prova.getQuestao
FNDA:2,Prova.questoes
FNDA:2,Prova.testeQuantidadeMinimadeQuestoes
FNDA:2,iniciar
FNDA:4,addQuestao
FNDA:2,deleteQuestao
FNDA:1,atualizarQuestaoProva
DA:1,1
DA:2,1
DA:3,1
DA:4,1
DA:5,1
DA:6,1
DA:7,1
DA:8,1
DA:9,1
DA:10,1
DA:11,1
DA:12,7
DA:13,7
DA:14,7
DA:15,7
DA:16,7
DA:17,1
DA:18,1
DA:19,1
DA:20,1
DA:21,1
DA:22,1
DA:23,1
DA:24,2
DA:25,1
DA:26,1
DA:27,2
DA:28,1
DA:29,1
DA:30,4
DA:31,4
DA:32,1
DA:33,1
DA:34,2
DA:35,2
DA:36,1
DA:37,1
DA:38,1
DA:39,1
DA:40,1
DA:41,1
DA:42,1
DA:43,1
DA:44,1
DA:45,1
DA:46,1
DA:47,1
LF:47
LH:47
BRDA:11,0,0,7
BRDA:19,1,0,1
BRDA:20,2,0,1
BRDA:44,3,0,2
BRDA:46,4,0,2
BRDA:23,5,0,2
BRDA:24,6,0,1
BRDA:29,7,0,4
BRDA:33,8,0,2
BRDA:34,9,0,3
BRDA:37,10,0,1
BRDA:38,11,0,1
BRF:12
BRH:12
end_of_record
TN:
SF:src\contexto_avaliacao\domain\entities\questao-discursiva.ts
FN:8,QuestaoDiscursiva
FNF:1
FNH:1
FNDA:7,QuestaoDiscursiva
DA:1,1
DA:2,1
DA:3,1
DA:4,1
DA:5,1
DA:6,1
DA:7,1
DA:8,1
DA:9,7
DA:10,7
DA:11,7
DA:12,7
DA:13,7
DA:14,1
DA:15,1
DA:16,1
DA:17,1
LF:17
LH:17
BRDA:8,0,0,7
BRF:1
BRH:1
end_of_record
TN:
SF:src\contexto_avaliacao\domain\entities\questao-objetiva.ts
FN:9,QuestaoObjetiva
FN:17,QuestaoObjetiva.getOpcao
FN:18,QuestaoObjetiva.opcao
FN:20,adicionarOpcao
FNF:4
FNH:3
FNDA:4,QuestaoObjetiva
FNDA:0,QuestaoObjetiva.getOpcao
FNDA:3,QuestaoObjetiva.opcao
FNDA:1,adicionarOpcao
DA:1,1
DA:2,1
DA:3,1
DA:4,1
DA:5,1
DA:6,1
DA:7,1
DA:8,1
DA:9,1
DA:10,4
DA:11,4
DA:12,4
DA:13,4
DA:14,4
DA:15,4
DA:16,1
DA:17,1
DA:18,1
DA:19,1
DA:20,1
DA:21,1
DA:22,1
DA:23,1
DA:24,1
DA:25,0
DA:26,0
DA:27,1
DA:28,1
DA:29,1
DA:30,1
DA:31,1
DA:32,1
DA:33,1
LF:33
LH:31
BRDA:9,0,0,4
BRDA:18,1,0,3
BRDA:20,2,0,1
BRDA:24,3,0,0
BRDA:24,4,0,0
BRF:5
BRH:3
end_of_record
TN:
SF:src\contexto_avaliacao\domain\entities\questao.ts
FN:8,Questao
FN:16,Questao.getEnunciado
FN:17,Questao.getValor
FN:22,atualizar
FNF:4
FNH:4
FNDA:11,Questao
FNDA:4,Questao.getEnunciado
FNDA:4,Questao.getValor
FNDA:2,atualizar
DA:1,1
DA:2,1
DA:3,1
DA:4,1
DA:5,1
DA:6,1
DA:7,1
DA:8,1
DA:9,11
DA:10,11
DA:11,11
DA:12,11
DA:13,11
DA:14,1
DA:15,1
DA:16,1
DA:17,1
DA:18,1
DA:19,1
DA:20,1
DA:21,1
DA:22,1
DA:23,2
DA:24,2
DA:25,2
DA:26,1
LF:26
LH:26
BRDA:8,0,0,11
BRDA:16,1,0,4
BRDA:17,2,0,4
BRDA:22,3,0,2
BRF:4
BRH:4
end_of_record
TN:
SF:src\utils\entidade.ts
FN:6,Entidade
FN:12,Entidade.getId
FNF:2
FNH:2
FNDA:22,Entidade
FNDA:4,Entidade.getId
DA:1,1
DA:2,1
DA:3,1
DA:4,1
DA:5,1
DA:6,1
DA:7,22
DA:8,22
DA:9,22
DA:10,22
DA:11,1
DA:12,1
DA:13,1
DA:14,1
LF:14
LH:14
BRDA:6,0,0,22
BRDA:12,1,0,4
BRF:2
BRH:2
end_of_record
